C51 COMPILER V9.57.0.0   BEEP                                                              09/15/2021 12:41:20 PAGE 1   


C51 COMPILER V9.57.0.0, COMPILATION OF MODULE BEEP
OBJECT MODULE PLACED IN .\Objects\beep.obj
COMPILER INVOKED BY: D:\software\keil5\C51\BIN\C51.EXE beep.c LARGE OPTIMIZE(7,SPEED) BROWSE INCDIR(..\代码;.\oled) DEBU
                    -G OBJECTEXTEND PRINT(.\Listings\beep.lst) TABS(2) OBJECT(.\Objects\beep.obj)

line level    source

   1          
   2          #include "beep.h"
   3          
   4          sbit beep = P5^4;
   5          /*-------------------------------
   6          蜂鸣器驱动
   7          参数：次数，蜂鸣时间
   8          --------------------------------*/
   9          void beep_work(u8 cnt,u16 time)
  10          {
  11   1        u8 i;
  12   1        for(i=0;i<cnt;i++)
  13   1        {
  14   2          beep=0;
  15   2          delay_ms(time);
  16   2          beep=1;
  17   2          delay_ms(time);
  18   2        }
  19   1      }


MODULE INFORMATION:   STATIC OVERLAYABLE
   CODE SIZE        =     62    ----
   CONSTANT SIZE    =   ----    ----
   XDATA SIZE       =   ----       4
   PDATA SIZE       =   ----    ----
   DATA SIZE        =   ----    ----
   IDATA SIZE       =   ----    ----
   BIT SIZE         =   ----    ----
END OF MODULE INFORMATION.


C51 COMPILATION COMPLETE.  0 WARNING(S),  0 ERROR(S)
