C51 COMPILER V9.57.0.0   DELAY                                                             07/07/2021 19:56:51 PAGE 1   


C51 COMPILER V9.57.0.0, COMPILATION OF MODULE DELAY
OBJECT MODULE PLACED IN .\Objects\delay.obj
COMPILER INVOKED BY: D:\software\keil5\C51\BIN\C51.EXE delay.c LARGE OPTIMIZE(7,SPEED) BROWSE INCDIR(..\´úÂë;.\oled) DEB
                    -UG OBJECTEXTEND PRINT(.\Listings\delay.lst) TABS(2) OBJECT(.\Objects\delay.obj)

line level    source

   1          #include  "delay.h"
   2          /*----------------------------
   3          º¯Êý£º1msÑÓÊ±
   4          ----------------------------*/
   5          void delay_ms(unsigned int ms)
   6          {
   7   1        while(ms--)
   8   1        {
   9   2          Delay1ms();
  10   2        }
  11   1      }
  12          
  13          void Delay1ms(void)   //@11.0592MHz
  14          {
  15   1        unsigned char i, j;
  16   1        _nop_();
  17   1        _nop_();
  18   1        _nop_();
  19   1        i = 11;
  20   1        j = 190;
  21   1        do
  22   1        {
  23   2          while (--j);
  24   2        } while (--i);
  25   1      }


MODULE INFORMATION:   STATIC OVERLAYABLE
   CODE SIZE        =     40    ----
   CONSTANT SIZE    =   ----    ----
   XDATA SIZE       =   ----       2
   PDATA SIZE       =   ----    ----
   DATA SIZE        =   ----    ----
   IDATA SIZE       =   ----    ----
   BIT SIZE         =   ----    ----
END OF MODULE INFORMATION.


C51 COMPILATION COMPLETE.  0 WARNING(S),  0 ERROR(S)
