C51 COMPILER V9.57.0.0   PWM                                                               06/29/2021 12:14:38 PAGE 1   


C51 COMPILER V9.57.0.0, COMPILATION OF MODULE PWM
OBJECT MODULE PLACED IN .\Objects\pwm.obj
COMPILER INVOKED BY: D:\software\keil5\C51\BIN\C51.EXE pwm.c OPTIMIZE(8,SPEED) BROWSE INCDIR(..\代码) DEBUG OBJECTEXTEND
                    - PRINT(.\Listings\pwm.lst) TABS(2) OBJECT(.\Objects\pwm.obj)

line level    source

   1          #include "pwm.h"
   2          
   3          extern bit  servoflag;                     //定时器模拟PWM中断标志位
   4          extern u8 H1=0xFA,L1=0x24,H2=0xB7,L2=0xBC; // 定时器模拟PWM两组装载值
   5          /*----------------------------
   6          定时器0中断服务程序
   7          -----------------------------*/
   8          void time0_int() interrupt 1 
   9          { 
  10   1        if(servoflag==0) //中断标志位
  11   1        {
  12   2          TH0 = H1; 
  13   2          TL0 = L1;   
  14   2          servo=1;
*** ERROR C202 IN LINE 14 OF pwm.c: 'servo': undefined identifier
  15   2          servoflag=1;
  16   2        }
  17   1        else if(servoflag==1)
  18   1        {
  19   2          TH0 = H2; 
  20   2          TL0 = L2;
  21   2          servo=0;
*** ERROR C202 IN LINE 21 OF pwm.c: 'servo': undefined identifier
  22   2          servoflag=0;
  23   2        }
  24   1      }
  25            
  26            

C51 COMPILATION COMPLETE.  0 WARNING(S),  2 ERROR(S)
