C51 COMPILER V9.57.0.0   UART                                                              09/15/2021 12:41:20 PAGE 1   


C51 COMPILER V9.57.0.0, COMPILATION OF MODULE UART
OBJECT MODULE PLACED IN .\Objects\uart.obj
COMPILER INVOKED BY: D:\software\keil5\C51\BIN\C51.EXE uart.c LARGE OPTIMIZE(7,SPEED) BROWSE INCDIR(..\代码;.\oled) DEBU
                    -G OBJECTEXTEND PRINT(.\Listings\uart.lst) TABS(2) OBJECT(.\Objects\uart.obj)

line level    source

   1          #include "uart.h"
   2          
   3          /*
   4          Uart相关
   5          */
   6          #define FOSC 11059200L          //系统频率
   7          #define BAUD 115200               //串口波特率
   8          
   9          #define PARITYBIT 0   //定义校验位
  10          
  11          #define S1_S0 0x40              //P_SW1.6
  12          #define S1_S1 0x80              //P_SW1.7
  13          
  14          bit busy;
  15          
  16          u8 uart_rx_sta;                 //接收状态标记  
  17          unsigned char FPM10A_RECEICE_BUFFER[16];
  18          /*----------------------------
  19          串口初始化
  20          ----------------------------*/
  21          void Uart1_Init()
  22          {
  23   1      //  ACC = P_SW1;
  24   1      //  ACC &= ~(S1_S0 | S1_S1);    //S1_S0=0 S1_S1=0
  25   1      //  P_SW1 = ACC;                //(P3.0/RxD, P3.1/TxD)
  26   1      
  27   1        ACC = P_SW1;
  28   1        ACC &= ~(S1_S0 | S1_S1);    //S1_S0=1 S1_S1=0
  29   1        ACC |= S1_S0;               //(P3.6/RxD_2, P3.7/TxD_2)
  30   1        P_SW1 = ACC;  
  31   1      //  
  32   1      //  ACC = P_SW1;
  33   1      //  ACC &= ~(S1_S0 | S1_S1);    //S1_S0=0 S1_S1=1
  34   1      //  ACC |= S1_S1;               //(P1.6/RxD_3, P1.7/TxD_3)
  35   1      //  P_SW1 = ACC;  
  36   1      
  37   1        SCON = 0x50;                      //8位可变波特率
  38   1        T2L = (65536 - (FOSC/4/BAUD));    //设置波特率重装值
  39   1        T2H = (65536 - (FOSC/4/BAUD))>>8;
  40   1        AUXR = 0x14;                      //T2为1T模式, 并启动定时器2
  41   1        AUXR |= 0x01;                     //选择定时器2为串口1的波特率发生器
  42   1        ES = 1;                           //使能串口1中断
  43   1        EA = 1;
  44   1      }
  45          /*----------------------------
  46          UART 中断服务程序
  47          -----------------------------*/
  48          void Uart() interrupt 4
  49          {
  50   1          if (RI)
  51   1          {
  52   2              RI = 0;                 //清除RI位
  53   2              FPM10A_RECEICE_BUFFER[uart_rx_sta++] = SBUF;              //P0显示串口数据
  54   2          }
C51 COMPILER V9.57.0.0   UART                                                              09/15/2021 12:41:20 PAGE 2   

  55   1          if (TI)
  56   1          {
  57   2              TI = 0;                 //清除TI位
  58   2              busy = 0;               //清忙标志
  59   2          }
  60   1      }
  61          
  62          /*----------------------------
  63          发送串口数据
  64          ----------------------------*/
  65          void SendData(u8 dat)
  66          {
  67   1          while (busy);               //等待前面的数据发送完成
  68   1          busy = 1;
  69   1          SBUF = dat;                 //写数据到UART数据寄存器
  70   1      }
  71          
  72          /*----------------------------
  73          发送字符串
  74          ----------------------------*/
  75          //void SendString(char *s)
  76          //{
  77          //    while (*s)                  //检测字符串结束标志
  78          //    {
  79          //        SendData(*s++);         //发送当前字符
  80          //    }
  81          //}


MODULE INFORMATION:   STATIC OVERLAYABLE
   CODE SIZE        =     92    ----
   CONSTANT SIZE    =   ----    ----
   XDATA SIZE       =     17    ----
   PDATA SIZE       =   ----    ----
   DATA SIZE        =   ----    ----
   IDATA SIZE       =   ----    ----
   BIT SIZE         =      1    ----
END OF MODULE INFORMATION.


C51 COMPILATION COMPLETE.  0 WARNING(S),  0 ERROR(S)
